<?xml version="1.0" encoding="UTF-8"?>
<robot generator="Robot 6.0.2 (Python 3.11.2 on win32)" generated="20230313 13:24:28.011" rpa="false" schemaversion="3">
<suite id="s1" name="Test1" source="C:\Users\SOLUSINDO\Code\robot-framework\belajar-robotframework\test1.robot">
<test id="s1-t1" name="Demo QA" line="7">
<kw name="Search mobil" library="keyword">
<kw name="Open Browser" library="SeleniumLibrary">
<arg>${url_google}</arg>
<arg>chrome</arg>
<doc>Opens a new browser instance to the optional ``url``.</doc>
<msg timestamp="20230313 13:24:28.243" level="INFO">Opening browser 'chrome' to base url 'https://google.com'.</msg>
<status status="PASS" starttime="20230313 13:24:28.242" endtime="20230313 13:24:31.131"/>
</kw>
<kw name="Input Text" library="SeleniumLibrary">
<arg>${xpath_searchbarGoogle}</arg>
<arg>mobil</arg>
<doc>Types the given ``text`` into the text field identified by ``locator``.</doc>
<msg timestamp="20230313 13:24:31.131" level="INFO">Typing text 'mobil' into text field 'xpath:/html/body/div[1]/div[3]/form/div[1]/div[1]/div[1]/div/div[2]/input'.</msg>
<status status="PASS" starttime="20230313 13:24:31.131" endtime="20230313 13:24:31.212"/>
</kw>
<kw name="Click Button" library="SeleniumLibrary">
<arg>${xpath_buttonSearchGoogle}</arg>
<doc>Clicks the button identified by ``locator``.</doc>
<msg timestamp="20230313 13:24:31.212" level="INFO">Clicking button 'xpath:/html/body/div[1]/div[3]/form/div[1]/div[1]/div[4]/center/input[1]'.</msg>
<status status="PASS" starttime="20230313 13:24:31.212" endtime="20230313 13:24:34.035"/>
</kw>
<status status="PASS" starttime="20230313 13:24:28.241" endtime="20230313 13:24:34.036"/>
</kw>
<status status="PASS" starttime="20230313 13:24:28.239" endtime="20230313 13:24:34.036"/>
</test>
<status status="PASS" starttime="20230313 13:24:28.013" endtime="20230313 13:24:34.041"/>
</suite>
<statistics>
<total>
<stat pass="1" fail="0" skip="0">All Tests</stat>
</total>
<tag>
</tag>
<suite>
<stat pass="1" fail="0" skip="0" id="s1" name="Test1">Test1</stat>
</suite>
</statistics>
<errors>
</errors>
</robot>
